<?xml version="1.0" encoding="UTF-8"?>
<!-- Generated by org.testng.reporters.JUnitReportReporter -->
<testsuite hostname="LAPTOP-QVJ5LU04" failures="0" tests="2" name="org.example.tests.ErrorValidationsTest" time="18.885" errors="0" timestamp="2024-06-22T15:23:03 IST" skipped="0">
  <testcase classname="org.example.tests.ErrorValidationsTest" name="loginErrorValidations" time="10.455"/>
  <testcase classname="org.example.tests.ErrorValidationsTest" name="productErrorValidations" time="8.430"/>
</testsuite> <!-- org.example.tests.ErrorValidationsTest -->
